<?xml version="1.0" encoding="UTF-8"?>
<!-- Generated by org.testng.reporters.JUnitReportReporter -->
<testsuite hostname="DESKTOP-TN4VH4B" failures="0" tests="1" name="com.crm.testCases.TC01VerifyCRMLogin" time="5.122" errors="0" timestamp="2022-09-09T19:06:12 IST" skipped="1">
  <testcase classname="com.crm.testCases.TC01VerifyCRMLogin" name="VerifyCRMLogin" time="5.122">
    <skipped/>
  </testcase> <!-- VerifyCRMLogin -->
  <system-out/>
</testsuite> <!-- com.crm.testCases.TC01VerifyCRMLogin -->
